<?xml version="1.0" encoding="UTF-8"?>
<testsuite name="com.book.spring.park.web.dto.HelloResponseDtoTest" tests="1" skipped="0" failures="0" errors="0" timestamp="2020-07-24T20:18:39" hostname="Parkui-MacBookAir.local" time="0.089">
  <properties/>
  <testcase name="롬복_기능_테스트" classname="com.book.spring.park.web.dto.HelloResponseDtoTest" time="0.089"/>
  <system-out><![CDATA[]]></system-out>
  <system-err><![CDATA[]]></system-err>
</testsuite>
