<?xml version="1.0" encoding="UTF-8"?>
<testsuite name="com.book.spring.park.web.IndexControllerTest" tests="1" skipped="0" failures="0" errors="0" timestamp="2020-07-24T20:18:50" hostname="Parkui-MacBookAir.local" time="0.358">
  <properties/>
  <testcase name="메인페이지_로딩" classname="com.book.spring.park.web.IndexControllerTest" time="0.358"/>
  <system-out><![CDATA[2020-07-25 05:18:47.096  INFO 69040 --- [    Test worker] .b.t.c.SpringBootTestContextBootstrapper : Neither @ContextConfiguration nor @ContextHierarchy found for test class [com.book.spring.park.web.IndexControllerTest], using SpringBootContextLoader
2020-07-25 05:18:47.097  INFO 69040 --- [    Test worker] o.s.t.c.support.AbstractContextLoader    : Could not detect default resource locations for test class [com.book.spring.park.web.IndexControllerTest]: no resource found for suffixes {-context.xml, Context.groovy}.
2020-07-25 05:18:47.097  INFO 69040 --- [    Test worker] t.c.s.AnnotationConfigContextLoaderUtils : Could not detect default configuration classes for test class [com.book.spring.park.web.IndexControllerTest]: IndexControllerTest does not declare any static, non-private, non-final, nested classes annotated with @Configuration.
2020-07-25 05:18:47.100  INFO 69040 --- [    Test worker] .b.t.c.SpringBootTestContextBootstrapper : Found @SpringBootConfiguration com.book.spring.park.Application for test class com.book.spring.park.web.IndexControllerTest
2020-07-25 05:18:47.102  INFO 69040 --- [    Test worker] .b.t.c.SpringBootTestContextBootstrapper : Loaded default TestExecutionListener class names from location [META-INF/spring.factories]: [org.springframework.security.test.context.support.WithSecurityContextTestExecutionListener, org.springframework.security.test.context.support.ReactorContextTestExecutionListener, org.springframework.boot.test.autoconfigure.restdocs.RestDocsTestExecutionListener, org.springframework.boot.test.autoconfigure.web.client.MockRestServiceServerResetTestExecutionListener, org.springframework.boot.test.autoconfigure.web.servlet.MockMvcPrintOnlyOnFailureTestExecutionListener, org.springframework.boot.test.autoconfigure.web.servlet.WebDriverTestExecutionListener, org.springframework.boot.test.mock.mockito.MockitoTestExecutionListener, org.springframework.boot.test.mock.mockito.ResetMocksTestExecutionListener, org.springframework.test.context.web.ServletTestExecutionListener, org.springframework.test.context.support.DirtiesContextBeforeModesTestExecutionListener, org.springframework.test.context.support.DependencyInjectionTestExecutionListener, org.springframework.test.context.support.DirtiesContextTestExecutionListener, org.springframework.test.context.transaction.TransactionalTestExecutionListener, org.springframework.test.context.jdbc.SqlScriptsTestExecutionListener]
2020-07-25 05:18:47.104  INFO 69040 --- [    Test worker] .b.t.c.SpringBootTestContextBootstrapper : Using TestExecutionListeners: [org.springframework.test.context.web.ServletTestExecutionListener@6c97fd3b, org.springframework.test.context.support.DirtiesContextBeforeModesTestExecutionListener@51282189, org.springframework.boot.test.mock.mockito.MockitoTestExecutionListener@403b71c, org.springframework.boot.test.autoconfigure.SpringBootDependencyInjectionTestExecutionListener@11bd6146, org.springframework.test.context.support.DirtiesContextTestExecutionListener@4210286f, org.springframework.test.context.transaction.TransactionalTestExecutionListener@52a46dcd, org.springframework.test.context.jdbc.SqlScriptsTestExecutionListener@4b069bd2, org.springframework.security.test.context.support.WithSecurityContextTestExecutionListener@31cb64a5, org.springframework.security.test.context.support.ReactorContextTestExecutionListener@725b71a3, org.springframework.boot.test.autoconfigure.restdocs.RestDocsTestExecutionListener@360b020, org.springframework.boot.test.autoconfigure.web.client.MockRestServiceServerResetTestExecutionListener@7c477395, org.springframework.boot.test.autoconfigure.web.servlet.MockMvcPrintOnlyOnFailureTestExecutionListener@1643def4, org.springframework.boot.test.autoconfigure.web.servlet.WebDriverTestExecutionListener@3f3c73f6, org.springframework.boot.test.mock.mockito.ResetMocksTestExecutionListener@395b2581]

  .   ____          _            __ _ _
 /\\ / ___'_ __ _ _(_)_ __  __ _ \ \ \ \
( ( )\___ | '_ | '_| | '_ \/ _` | \ \ \ \
 \\/  ___)| |_)| | | | | || (_| |  ) ) ) )
  '  |____| .__|_| |_|_| |_\__, | / / / /
 =========|_|==============|___/=/_/_/_/
 :: Spring Boot ::        (v2.1.7.RELEASE)

2020-07-25 05:18:47.171  INFO 69040 --- [    Test worker] c.b.spring.park.web.IndexControllerTest  : Starting IndexControllerTest on Parkui-MacBookAir.local with PID 69040 (started by parksmac in /Users/parksmac/IdeaProjects/aws-springbook-webservice)
2020-07-25 05:18:47.172  INFO 69040 --- [    Test worker] c.b.spring.park.web.IndexControllerTest  : The following profiles are active: oauth
2020-07-25 05:18:47.477  INFO 69040 --- [    Test worker] .s.d.r.c.RepositoryConfigurationDelegate : Bootstrapping Spring Data repositories in DEFAULT mode.
2020-07-25 05:18:47.501  INFO 69040 --- [    Test worker] .s.d.r.c.RepositoryConfigurationDelegate : Finished Spring Data repository scanning in 23ms. Found 2 repository interfaces.
2020-07-25 05:18:47.668  INFO 69040 --- [    Test worker] trationDelegate$BeanPostProcessorChecker : Bean 'org.springframework.transaction.annotation.ProxyTransactionManagementConfiguration' of type [org.springframework.transaction.annotation.ProxyTransactionManagementConfiguration$$EnhancerBySpringCGLIB$$3827d517] is not eligible for getting processed by all BeanPostProcessors (for example: not eligible for auto-proxying)
2020-07-25 05:18:48.103  INFO 69040 --- [    Test worker] o.s.b.w.embedded.tomcat.TomcatWebServer  : Tomcat initialized with port(s): 0 (http)
2020-07-25 05:18:48.145  INFO 69040 --- [    Test worker] o.apache.catalina.core.StandardService   : Starting service [Tomcat]
2020-07-25 05:18:48.146  INFO 69040 --- [    Test worker] org.apache.catalina.core.StandardEngine  : Starting Servlet engine: [Apache Tomcat/9.0.22]
2020-07-25 05:18:48.435  INFO 69040 --- [    Test worker] o.a.c.c.C.[Tomcat].[localhost].[/]       : Initializing Spring embedded WebApplicationContext
2020-07-25 05:18:48.436  INFO 69040 --- [    Test worker] o.s.web.context.ContextLoader            : Root WebApplicationContext: initialization completed in 1260 ms
2020-07-25 05:18:48.707  INFO 69040 --- [    Test worker] com.zaxxer.hikari.HikariDataSource       : HikariPool-2 - Starting...
2020-07-25 05:18:48.709  INFO 69040 --- [    Test worker] com.zaxxer.hikari.HikariDataSource       : HikariPool-2 - Start completed.
2020-07-25 05:18:48.763  INFO 69040 --- [    Test worker] o.hibernate.jpa.internal.util.LogHelper  : HHH000204: Processing PersistenceUnitInfo [
	name: default
	...]
2020-07-25 05:18:48.773  INFO 69040 --- [    Test worker] org.hibernate.dialect.Dialect            : HHH000400: Using dialect: org.hibernate.dialect.MySQL5InnoDBDialect
Hibernate: drop table if exists posts
Hibernate: drop table if exists user
Hibernate: create table posts (id bigint not null auto_increment, create_date datetime, modified_date datetime, author varchar(255), content TEXT not null, title varchar(500) not null, primary key (id)) engine=InnoDB
Hibernate: create table user (id bigint not null auto_increment, create_date datetime, modified_date datetime, email varchar(255) not null, name varchar(255) not null, picture varchar(255), role varchar(255) not null, primary key (id)) engine=InnoDB
2020-07-25 05:18:48.849  INFO 69040 --- [    Test worker] o.h.t.schema.internal.SchemaCreatorImpl  : HHH000476: Executing import script 'org.hibernate.tool.schema.internal.exec.ScriptSourceInputNonExistentImpl@557a6c5f'
2020-07-25 05:18:48.849  INFO 69040 --- [    Test worker] j.LocalContainerEntityManagerFactoryBean : Initialized JPA EntityManagerFactory for persistence unit 'default'
2020-07-25 05:18:49.306  INFO 69040 --- [    Test worker] o.h.h.i.QueryTranslatorFactoryInitiator  : HHH000397: Using ASTQueryTranslatorFactory
2020-07-25 05:18:49.529  INFO 69040 --- [    Test worker] o.s.s.web.DefaultSecurityFilterChain     : Creating filter chain: any request, [org.springframework.security.web.context.request.async.WebAsyncManagerIntegrationFilter@2ab9e33e, org.springframework.security.web.context.SecurityContextPersistenceFilter@29a7a286, org.springframework.security.web.header.HeaderWriterFilter@3fadf0a4, org.springframework.security.web.authentication.logout.LogoutFilter@d815e0, org.springframework.security.oauth2.client.web.OAuth2AuthorizationRequestRedirectFilter@1288e9c5, org.springframework.security.oauth2.client.web.OAuth2LoginAuthenticationFilter@374fa1bd, org.springframework.security.web.authentication.ui.DefaultLoginPageGeneratingFilter@14ff266b, org.springframework.security.web.authentication.ui.DefaultLogoutPageGeneratingFilter@348ed5b5, org.springframework.security.web.savedrequest.RequestCacheAwareFilter@424b8c19, org.springframework.security.web.servletapi.SecurityContextHolderAwareRequestFilter@12b37c24, org.springframework.security.web.authentication.AnonymousAuthenticationFilter@611dd420, org.springframework.security.web.session.SessionManagementFilter@509ada1b, org.springframework.security.web.access.ExceptionTranslationFilter@77238497, org.springframework.security.web.access.intercept.FilterSecurityInterceptor@677f2ac6]
2020-07-25 05:18:49.852  INFO 69040 --- [    Test worker] o.s.s.concurrent.ThreadPoolTaskExecutor  : Initializing ExecutorService 'applicationTaskExecutor'
2020-07-25 05:18:49.867  WARN 69040 --- [    Test worker] aWebConfiguration$JpaWebMvcConfiguration : spring.jpa.open-in-view is enabled by default. Therefore, database queries may be performed during view rendering. Explicitly configure spring.jpa.open-in-view to disable this warning
2020-07-25 05:18:49.909  INFO 69040 --- [    Test worker] o.s.b.a.w.s.WelcomePageHandlerMapping    : Adding welcome page template: index
2020-07-25 05:18:50.270  INFO 69040 --- [    Test worker] s.a.ScheduledAnnotationBeanPostProcessor : No TaskScheduler/ScheduledExecutorService bean found for scheduled processing
2020-07-25 05:18:50.300  INFO 69040 --- [    Test worker] o.s.b.w.embedded.tomcat.TomcatWebServer  : Tomcat started on port(s): 51020 (http) with context path ''
2020-07-25 05:18:50.301  INFO 69040 --- [    Test worker] c.b.spring.park.web.IndexControllerTest  : Started IndexControllerTest in 3.194 seconds (JVM running for 16.828)
2020-07-25 05:18:50.444  INFO 69040 --- [o-auto-1-exec-1] o.a.c.c.C.[Tomcat].[localhost].[/]       : Initializing Spring DispatcherServlet 'dispatcherServlet'
2020-07-25 05:18:50.444  INFO 69040 --- [o-auto-1-exec-1] o.s.web.servlet.DispatcherServlet        : Initializing Servlet 'dispatcherServlet'
2020-07-25 05:18:50.480  INFO 69040 --- [o-auto-1-exec-1] o.s.web.servlet.DispatcherServlet        : Completed initialization in 36 ms
Hibernate: select posts0_.id as id1_0_, posts0_.create_date as create_d2_0_, posts0_.modified_date as modified3_0_, posts0_.author as author4_0_, posts0_.content as content5_0_, posts0_.title as title6_0_ from posts posts0_ order by posts0_.id DESC
]]></system-out>
  <system-err><![CDATA[]]></system-err>
</testsuite>
