<?xml version="1.0" encoding="UTF-8"?>
<testsuite name="com.book.spring.park.web.PostsApiControllerTest" tests="3" skipped="0" failures="0" errors="0" timestamp="2020-07-24T20:18:50" hostname="Parkui-MacBookAir.local" time="0.364">
  <properties/>
  <testcase name="BaseTimeEntity_등록" classname="com.book.spring.park.web.PostsApiControllerTest" time="0.046"/>
  <testcase name="Posts_등록된다" classname="com.book.spring.park.web.PostsApiControllerTest" time="0.229"/>
  <testcase name="Posts_수정된다" classname="com.book.spring.park.web.PostsApiControllerTest" time="0.081"/>
  <system-out><![CDATA[2020-07-25 05:18:50.670  INFO 69040 --- [    Test worker] .b.t.c.SpringBootTestContextBootstrapper : Neither @ContextConfiguration nor @ContextHierarchy found for test class [com.book.spring.park.web.PostsApiControllerTest], using SpringBootContextLoader
2020-07-25 05:18:50.672  INFO 69040 --- [    Test worker] o.s.t.c.support.AbstractContextLoader    : Could not detect default resource locations for test class [com.book.spring.park.web.PostsApiControllerTest]: no resource found for suffixes {-context.xml, Context.groovy}.
2020-07-25 05:18:50.672  INFO 69040 --- [    Test worker] t.c.s.AnnotationConfigContextLoaderUtils : Could not detect default configuration classes for test class [com.book.spring.park.web.PostsApiControllerTest]: PostsApiControllerTest does not declare any static, non-private, non-final, nested classes annotated with @Configuration.
2020-07-25 05:18:50.674  INFO 69040 --- [    Test worker] .b.t.c.SpringBootTestContextBootstrapper : Found @SpringBootConfiguration com.book.spring.park.Application for test class com.book.spring.park.web.PostsApiControllerTest
2020-07-25 05:18:50.677  INFO 69040 --- [    Test worker] .b.t.c.SpringBootTestContextBootstrapper : Loaded default TestExecutionListener class names from location [META-INF/spring.factories]: [org.springframework.security.test.context.support.WithSecurityContextTestExecutionListener, org.springframework.security.test.context.support.ReactorContextTestExecutionListener, org.springframework.boot.test.autoconfigure.restdocs.RestDocsTestExecutionListener, org.springframework.boot.test.autoconfigure.web.client.MockRestServiceServerResetTestExecutionListener, org.springframework.boot.test.autoconfigure.web.servlet.MockMvcPrintOnlyOnFailureTestExecutionListener, org.springframework.boot.test.autoconfigure.web.servlet.WebDriverTestExecutionListener, org.springframework.boot.test.mock.mockito.MockitoTestExecutionListener, org.springframework.boot.test.mock.mockito.ResetMocksTestExecutionListener, org.springframework.test.context.web.ServletTestExecutionListener, org.springframework.test.context.support.DirtiesContextBeforeModesTestExecutionListener, org.springframework.test.context.support.DependencyInjectionTestExecutionListener, org.springframework.test.context.support.DirtiesContextTestExecutionListener, org.springframework.test.context.transaction.TransactionalTestExecutionListener, org.springframework.test.context.jdbc.SqlScriptsTestExecutionListener]
2020-07-25 05:18:50.678  INFO 69040 --- [    Test worker] .b.t.c.SpringBootTestContextBootstrapper : Using TestExecutionListeners: [org.springframework.test.context.web.ServletTestExecutionListener@6785520d, org.springframework.test.context.support.DirtiesContextBeforeModesTestExecutionListener@54a6bdbf, org.springframework.boot.test.mock.mockito.MockitoTestExecutionListener@6c4fa6e2, org.springframework.boot.test.autoconfigure.SpringBootDependencyInjectionTestExecutionListener@2b8251d4, org.springframework.test.context.support.DirtiesContextTestExecutionListener@665a6b93, org.springframework.test.context.transaction.TransactionalTestExecutionListener@7f069a2, org.springframework.test.context.jdbc.SqlScriptsTestExecutionListener@1699b708, org.springframework.security.test.context.support.WithSecurityContextTestExecutionListener@2f2c58fe, org.springframework.security.test.context.support.ReactorContextTestExecutionListener@1a9fa87b, org.springframework.boot.test.autoconfigure.restdocs.RestDocsTestExecutionListener@1e267ff3, org.springframework.boot.test.autoconfigure.web.client.MockRestServiceServerResetTestExecutionListener@455cbac8, org.springframework.boot.test.autoconfigure.web.servlet.MockMvcPrintOnlyOnFailureTestExecutionListener@8fae135, org.springframework.boot.test.autoconfigure.web.servlet.WebDriverTestExecutionListener@6f415c21, org.springframework.boot.test.mock.mockito.ResetMocksTestExecutionListener@42357fdd]
2020-07-25 05:18:50.689  INFO 69040 --- [    Test worker] o.a.c.c.C.[Tomcat].[localhost].[/]       : Initializing Spring TestDispatcherServlet ''
2020-07-25 05:18:50.690  INFO 69040 --- [    Test worker] o.s.t.web.servlet.TestDispatcherServlet  : Initializing Servlet ''
2020-07-25 05:18:50.695  INFO 69040 --- [    Test worker] o.s.t.web.servlet.TestDispatcherServlet  : Completed initialization in 5 ms
Hibernate: insert into posts (create_date, modified_date, author, content, title) values (?, ?, ?, ?, ?)
Hibernate: select posts0_.id as id1_0_, posts0_.create_date as create_d2_0_, posts0_.modified_date as modified3_0_, posts0_.author as author4_0_, posts0_.content as content5_0_, posts0_.title as title6_0_ from posts posts0_
>>>>>>>> createDate=2020-07-25T05:18:50.707, modifiedDate=2020-07-25T05:18:50.707
Hibernate: select posts0_.id as id1_0_, posts0_.create_date as create_d2_0_, posts0_.modified_date as modified3_0_, posts0_.author as author4_0_, posts0_.content as content5_0_, posts0_.title as title6_0_ from posts posts0_
Hibernate: delete from posts where id=?
2020-07-25 05:18:50.756  INFO 69040 --- [    Test worker] o.a.c.c.C.[Tomcat].[localhost].[/]       : Initializing Spring TestDispatcherServlet ''
2020-07-25 05:18:50.756  INFO 69040 --- [    Test worker] o.s.t.web.servlet.TestDispatcherServlet  : Initializing Servlet ''
2020-07-25 05:18:50.762  INFO 69040 --- [    Test worker] o.s.t.web.servlet.TestDispatcherServlet  : Completed initialization in 6 ms
Hibernate: insert into posts (create_date, modified_date, author, content, title) values (?, ?, ?, ?, ?)
Hibernate: select posts0_.id as id1_0_, posts0_.create_date as create_d2_0_, posts0_.modified_date as modified3_0_, posts0_.author as author4_0_, posts0_.content as content5_0_, posts0_.title as title6_0_ from posts posts0_
Hibernate: select posts0_.id as id1_0_, posts0_.create_date as create_d2_0_, posts0_.modified_date as modified3_0_, posts0_.author as author4_0_, posts0_.content as content5_0_, posts0_.title as title6_0_ from posts posts0_
Hibernate: delete from posts where id=?
2020-07-25 05:18:50.971  INFO 69040 --- [    Test worker] o.a.c.c.C.[Tomcat].[localhost].[/]       : Initializing Spring TestDispatcherServlet ''
2020-07-25 05:18:50.972  INFO 69040 --- [    Test worker] o.s.t.web.servlet.TestDispatcherServlet  : Initializing Servlet ''
2020-07-25 05:18:50.976  INFO 69040 --- [    Test worker] o.s.t.web.servlet.TestDispatcherServlet  : Completed initialization in 4 ms
Hibernate: insert into posts (create_date, modified_date, author, content, title) values (?, ?, ?, ?, ?)
Hibernate: select posts0_.id as id1_0_0_, posts0_.create_date as create_d2_0_0_, posts0_.modified_date as modified3_0_0_, posts0_.author as author4_0_0_, posts0_.content as content5_0_0_, posts0_.title as title6_0_0_ from posts posts0_ where posts0_.id=?
Hibernate: update posts set create_date=?, modified_date=?, author=?, content=?, title=? where id=?
Hibernate: select posts0_.id as id1_0_, posts0_.create_date as create_d2_0_, posts0_.modified_date as modified3_0_, posts0_.author as author4_0_, posts0_.content as content5_0_, posts0_.title as title6_0_ from posts posts0_
Hibernate: select posts0_.id as id1_0_, posts0_.create_date as create_d2_0_, posts0_.modified_date as modified3_0_, posts0_.author as author4_0_, posts0_.content as content5_0_, posts0_.title as title6_0_ from posts posts0_
Hibernate: delete from posts where id=?
]]></system-out>
  <system-err><![CDATA[]]></system-err>
</testsuite>
