<?xml version="1.0" encoding="UTF-8"?>
<testsuite name="com.book.spring.park.web.domain.posts.PostsRepositoryTest" tests="1" skipped="0" failures="0" errors="0" timestamp="2020-07-24T20:18:46" hostname="Parkui-MacBookAir.local" time="0.299">
  <properties/>
  <testcase name="게시글저장_불러오기" classname="com.book.spring.park.web.domain.posts.PostsRepositoryTest" time="0.299"/>
  <system-out><![CDATA[2020-07-25 05:18:39.821  INFO 69040 --- [    Test worker] .b.t.c.SpringBootTestContextBootstrapper : Neither @ContextConfiguration nor @ContextHierarchy found for test class [com.book.spring.park.web.domain.posts.PostsRepositoryTest], using SpringBootContextLoader
2020-07-25 05:18:39.822  INFO 69040 --- [    Test worker] o.s.t.c.support.AbstractContextLoader    : Could not detect default resource locations for test class [com.book.spring.park.web.domain.posts.PostsRepositoryTest]: no resource found for suffixes {-context.xml, Context.groovy}.
2020-07-25 05:18:39.823  INFO 69040 --- [    Test worker] t.c.s.AnnotationConfigContextLoaderUtils : Could not detect default configuration classes for test class [com.book.spring.park.web.domain.posts.PostsRepositoryTest]: PostsRepositoryTest does not declare any static, non-private, non-final, nested classes annotated with @Configuration.
2020-07-25 05:18:39.841  INFO 69040 --- [    Test worker] .b.t.c.SpringBootTestContextBootstrapper : Found @SpringBootConfiguration com.book.spring.park.Application for test class com.book.spring.park.web.domain.posts.PostsRepositoryTest
2020-07-25 05:18:39.844  INFO 69040 --- [    Test worker] .b.t.c.SpringBootTestContextBootstrapper : Loaded default TestExecutionListener class names from location [META-INF/spring.factories]: [org.springframework.security.test.context.support.WithSecurityContextTestExecutionListener, org.springframework.security.test.context.support.ReactorContextTestExecutionListener, org.springframework.boot.test.autoconfigure.restdocs.RestDocsTestExecutionListener, org.springframework.boot.test.autoconfigure.web.client.MockRestServiceServerResetTestExecutionListener, org.springframework.boot.test.autoconfigure.web.servlet.MockMvcPrintOnlyOnFailureTestExecutionListener, org.springframework.boot.test.autoconfigure.web.servlet.WebDriverTestExecutionListener, org.springframework.boot.test.mock.mockito.MockitoTestExecutionListener, org.springframework.boot.test.mock.mockito.ResetMocksTestExecutionListener, org.springframework.test.context.web.ServletTestExecutionListener, org.springframework.test.context.support.DirtiesContextBeforeModesTestExecutionListener, org.springframework.test.context.support.DependencyInjectionTestExecutionListener, org.springframework.test.context.support.DirtiesContextTestExecutionListener, org.springframework.test.context.transaction.TransactionalTestExecutionListener, org.springframework.test.context.jdbc.SqlScriptsTestExecutionListener]
2020-07-25 05:18:39.845  INFO 69040 --- [    Test worker] .b.t.c.SpringBootTestContextBootstrapper : Using TestExecutionListeners: [org.springframework.test.context.web.ServletTestExecutionListener@2c08058e, org.springframework.test.context.support.DirtiesContextBeforeModesTestExecutionListener@300b4702, org.springframework.boot.test.mock.mockito.MockitoTestExecutionListener@58718b1b, org.springframework.boot.test.autoconfigure.SpringBootDependencyInjectionTestExecutionListener@4cd749e2, org.springframework.test.context.support.DirtiesContextTestExecutionListener@209f1183, org.springframework.test.context.transaction.TransactionalTestExecutionListener@4ac671c5, org.springframework.test.context.jdbc.SqlScriptsTestExecutionListener@1e3b02d5, org.springframework.security.test.context.support.WithSecurityContextTestExecutionListener@6855d0a9, org.springframework.security.test.context.support.ReactorContextTestExecutionListener@309ec729, org.springframework.boot.test.autoconfigure.restdocs.RestDocsTestExecutionListener@49afc0a6, org.springframework.boot.test.autoconfigure.web.client.MockRestServiceServerResetTestExecutionListener@fc45eec, org.springframework.boot.test.autoconfigure.web.servlet.MockMvcPrintOnlyOnFailureTestExecutionListener@49d20725, org.springframework.boot.test.autoconfigure.web.servlet.WebDriverTestExecutionListener@f3326b9, org.springframework.boot.test.mock.mockito.ResetMocksTestExecutionListener@382e7d09]

  .   ____          _            __ _ _
 /\\ / ___'_ __ _ _(_)_ __  __ _ \ \ \ \
( ( )\___ | '_ | '_| | '_ \/ _` | \ \ \ \
 \\/  ___)| |_)| | | | | || (_| |  ) ) ) )
  '  |____| .__|_| |_|_| |_\__, | / / / /
 =========|_|==============|___/=/_/_/_/
 :: Spring Boot ::        (v2.1.7.RELEASE)

2020-07-25 05:18:39.903  INFO 69040 --- [    Test worker] c.b.s.p.w.d.posts.PostsRepositoryTest    : Starting PostsRepositoryTest on Parkui-MacBookAir.local with PID 69040 (started by parksmac in /Users/parksmac/IdeaProjects/aws-springbook-webservice)
2020-07-25 05:18:39.903  INFO 69040 --- [    Test worker] c.b.s.p.w.d.posts.PostsRepositoryTest    : The following profiles are active: oauth
2020-07-25 05:18:40.576  INFO 69040 --- [    Test worker] .s.d.r.c.RepositoryConfigurationDelegate : Bootstrapping Spring Data repositories in DEFAULT mode.
2020-07-25 05:18:40.712  INFO 69040 --- [    Test worker] .s.d.r.c.RepositoryConfigurationDelegate : Finished Spring Data repository scanning in 118ms. Found 2 repository interfaces.
2020-07-25 05:18:41.257  INFO 69040 --- [    Test worker] trationDelegate$BeanPostProcessorChecker : Bean 'org.springframework.transaction.annotation.ProxyTransactionManagementConfiguration' of type [org.springframework.transaction.annotation.ProxyTransactionManagementConfiguration$$EnhancerBySpringCGLIB$$3827d517] is not eligible for getting processed by all BeanPostProcessors (for example: not eligible for auto-proxying)
2020-07-25 05:18:41.503  INFO 69040 --- [    Test worker] com.zaxxer.hikari.HikariDataSource       : HikariPool-1 - Starting...
2020-07-25 05:18:41.825  INFO 69040 --- [    Test worker] com.zaxxer.hikari.HikariDataSource       : HikariPool-1 - Start completed.
2020-07-25 05:18:42.013  INFO 69040 --- [    Test worker] o.hibernate.jpa.internal.util.LogHelper  : HHH000204: Processing PersistenceUnitInfo [
	name: default
	...]
2020-07-25 05:18:42.166  INFO 69040 --- [    Test worker] org.hibernate.Version                    : HHH000412: Hibernate Core {5.3.10.Final}
2020-07-25 05:18:42.169  INFO 69040 --- [    Test worker] org.hibernate.cfg.Environment            : HHH000206: hibernate.properties not found
2020-07-25 05:18:42.261  INFO 69040 --- [    Test worker] o.hibernate.annotations.common.Version   : HCANN000001: Hibernate Commons Annotations {5.0.4.Final}
2020-07-25 05:18:42.521  INFO 69040 --- [    Test worker] org.hibernate.dialect.Dialect            : HHH000400: Using dialect: org.hibernate.dialect.MySQL5InnoDBDialect
Hibernate: drop table if exists posts
Hibernate: drop table if exists user
Hibernate: create table posts (id bigint not null auto_increment, create_date datetime, modified_date datetime, author varchar(255), content TEXT not null, title varchar(500) not null, primary key (id)) engine=InnoDB
Hibernate: create table user (id bigint not null auto_increment, create_date datetime, modified_date datetime, email varchar(255) not null, name varchar(255) not null, picture varchar(255), role varchar(255) not null, primary key (id)) engine=InnoDB
2020-07-25 05:18:43.973  INFO 69040 --- [    Test worker] o.h.t.schema.internal.SchemaCreatorImpl  : HHH000476: Executing import script 'org.hibernate.tool.schema.internal.exec.ScriptSourceInputNonExistentImpl@557a6c5f'
2020-07-25 05:18:43.981  INFO 69040 --- [    Test worker] j.LocalContainerEntityManagerFactoryBean : Initialized JPA EntityManagerFactory for persistence unit 'default'
2020-07-25 05:18:44.827  INFO 69040 --- [    Test worker] o.h.h.i.QueryTranslatorFactoryInitiator  : HHH000397: Using ASTQueryTranslatorFactory
2020-07-25 05:18:45.304  INFO 69040 --- [    Test worker] o.s.s.web.DefaultSecurityFilterChain     : Creating filter chain: any request, [org.springframework.security.web.context.request.async.WebAsyncManagerIntegrationFilter@4a02089, org.springframework.security.web.context.SecurityContextPersistenceFilter@576d2114, org.springframework.security.web.header.HeaderWriterFilter@5b9c7379, org.springframework.security.web.authentication.logout.LogoutFilter@2e51ec08, org.springframework.security.oauth2.client.web.OAuth2AuthorizationRequestRedirectFilter@5b1eb151, org.springframework.security.oauth2.client.web.OAuth2LoginAuthenticationFilter@7f39482f, org.springframework.security.web.authentication.ui.DefaultLoginPageGeneratingFilter@100a0a9c, org.springframework.security.web.authentication.ui.DefaultLogoutPageGeneratingFilter@68f2b1d, org.springframework.security.web.savedrequest.RequestCacheAwareFilter@5d7c851d, org.springframework.security.web.servletapi.SecurityContextHolderAwareRequestFilter@65433270, org.springframework.security.web.authentication.AnonymousAuthenticationFilter@334273d3, org.springframework.security.web.session.SessionManagementFilter@67e684c, org.springframework.security.web.access.ExceptionTranslationFilter@3f13d51, org.springframework.security.web.access.intercept.FilterSecurityInterceptor@6e5cdca1]
2020-07-25 05:18:45.823  INFO 69040 --- [    Test worker] o.s.s.concurrent.ThreadPoolTaskExecutor  : Initializing ExecutorService 'applicationTaskExecutor'
2020-07-25 05:18:45.861  WARN 69040 --- [    Test worker] aWebConfiguration$JpaWebMvcConfiguration : spring.jpa.open-in-view is enabled by default. Therefore, database queries may be performed during view rendering. Explicitly configure spring.jpa.open-in-view to disable this warning
2020-07-25 05:18:45.934  INFO 69040 --- [    Test worker] o.s.b.a.w.s.WelcomePageHandlerMapping    : Adding welcome page template: index
2020-07-25 05:18:46.771  INFO 69040 --- [    Test worker] s.a.ScheduledAnnotationBeanPostProcessor : No TaskScheduler/ScheduledExecutorService bean found for scheduled processing
2020-07-25 05:18:46.784  INFO 69040 --- [    Test worker] c.b.s.p.w.d.posts.PostsRepositoryTest    : Started PostsRepositoryTest in 6.936 seconds (JVM running for 13.311)
Hibernate: insert into posts (create_date, modified_date, author, content, title) values (?, ?, ?, ?, ?)
Hibernate: select posts0_.id as id1_0_, posts0_.create_date as create_d2_0_, posts0_.modified_date as modified3_0_, posts0_.author as author4_0_, posts0_.content as content5_0_, posts0_.title as title6_0_ from posts posts0_
Hibernate: select posts0_.id as id1_0_, posts0_.create_date as create_d2_0_, posts0_.modified_date as modified3_0_, posts0_.author as author4_0_, posts0_.content as content5_0_, posts0_.title as title6_0_ from posts posts0_
Hibernate: delete from posts where id=?
]]></system-out>
  <system-err><![CDATA[]]></system-err>
</testsuite>
